action: py38, msg: installpkg
cwd: C:\Users\twill\PycharmProjects\zapierAutomationDemo
cmd: 'C:\Users\twill\PycharmProjects\zapierAutomationDemo\.tox\py38\Scripts\python.EXE' -m pip install --exists-action w '.tox\.tmp\package\1\zapier-demo-1.0.1.zip'
Processing c:\users\twill\pycharmprojects\zapierautomationdemo\.tox\.tmp\package\1\zapier-demo-1.0.1.zip
Collecting selenium
  Using cached selenium-3.141.0-py2.py3-none-any.whl (904 kB)
Requirement already satisfied: pytest in c:\users\twill\pycharmprojects\zapierautomationdemo\.tox\py38\lib\site-packages (from zapier-demo==1.0.1) (5.3.5)
Requirement already satisfied: pytest-html in c:\users\twill\pycharmprojects\zapierautomationdemo\.tox\py38\lib\site-packages (from zapier-demo==1.0.1) (2.0.1)
Requirement already satisfied: webdriver_manager in c:\users\twill\pycharmprojects\zapierautomationdemo\.tox\py38\lib\site-packages (from zapier-demo==1.0.1) (2.3.0)
Requirement already satisfied: urllib3 in c:\users\twill\pycharmprojects\zapierautomationdemo\.tox\py38\lib\site-packages (from selenium->zapier-demo==1.0.1) (1.25.8)
Requirement already satisfied: py>=1.5.0 in c:\users\twill\pycharmprojects\zapierautomationdemo\.tox\py38\lib\site-packages (from pytest->zapier-demo==1.0.1) (1.8.1)
Requirement already satisfied: atomicwrites>=1.0; sys_platform == "win32" in c:\users\twill\pycharmprojects\zapierautomationdemo\.tox\py38\lib\site-packages (from pytest->zapier-demo==1.0.1) (1.3.0)
Requirement already satisfied: pluggy<1.0,>=0.12 in c:\users\twill\pycharmprojects\zapierautomationdemo\.tox\py38\lib\site-packages (from pytest->zapier-demo==1.0.1) (0.13.1)
Requirement already satisfied: wcwidth in c:\users\twill\pycharmprojects\zapierautomationdemo\.tox\py38\lib\site-packages (from pytest->zapier-demo==1.0.1) (0.1.8)
Requirement already satisfied: colorama; sys_platform == "win32" in c:\users\twill\pycharmprojects\zapierautomationdemo\.tox\py38\lib\site-packages (from pytest->zapier-demo==1.0.1) (0.4.3)
Requirement already satisfied: attrs>=17.4.0 in c:\users\twill\pycharmprojects\zapierautomationdemo\.tox\py38\lib\site-packages (from pytest->zapier-demo==1.0.1) (19.3.0)
Requirement already satisfied: packaging in c:\users\twill\pycharmprojects\zapierautomationdemo\.tox\py38\lib\site-packages (from pytest->zapier-demo==1.0.1) (20.1)
Requirement already satisfied: more-itertools>=4.0.0 in c:\users\twill\pycharmprojects\zapierautomationdemo\.tox\py38\lib\site-packages (from pytest->zapier-demo==1.0.1) (8.2.0)
Requirement already satisfied: pytest-metadata in c:\users\twill\pycharmprojects\zapierautomationdemo\.tox\py38\lib\site-packages (from pytest-html->zapier-demo==1.0.1) (1.8.0)
Requirement already satisfied: requests in c:\users\twill\pycharmprojects\zapierautomationdemo\.tox\py38\lib\site-packages (from webdriver_manager->zapier-demo==1.0.1) (2.23.0)
Requirement already satisfied: crayons in c:\users\twill\pycharmprojects\zapierautomationdemo\.tox\py38\lib\site-packages (from webdriver_manager->zapier-demo==1.0.1) (0.3.0)
Requirement already satisfied: configparser in c:\users\twill\pycharmprojects\zapierautomationdemo\.tox\py38\lib\site-packages (from webdriver_manager->zapier-demo==1.0.1) (4.0.2)
Requirement already satisfied: six in c:\users\twill\pycharmprojects\zapierautomationdemo\.tox\py38\lib\site-packages (from packaging->pytest->zapier-demo==1.0.1) (1.14.0)
Requirement already satisfied: pyparsing>=2.0.2 in c:\users\twill\pycharmprojects\zapierautomationdemo\.tox\py38\lib\site-packages (from packaging->pytest->zapier-demo==1.0.1) (2.4.6)
Requirement already satisfied: chardet<4,>=3.0.2 in c:\users\twill\pycharmprojects\zapierautomationdemo\.tox\py38\lib\site-packages (from requests->webdriver_manager->zapier-demo==1.0.1) (3.0.4)
Requirement already satisfied: certifi>=2017.4.17 in c:\users\twill\pycharmprojects\zapierautomationdemo\.tox\py38\lib\site-packages (from requests->webdriver_manager->zapier-demo==1.0.1) (2019.11.28)
Requirement already satisfied: idna<3,>=2.5 in c:\users\twill\pycharmprojects\zapierautomationdemo\.tox\py38\lib\site-packages (from requests->webdriver_manager->zapier-demo==1.0.1) (2.9)
Building wheels for collected packages: zapier-demo
  Building wheel for zapier-demo (setup.py): started
  Building wheel for zapier-demo (setup.py): finished with status 'done'
  Created wheel for zapier-demo: filename=zapier_demo-1.0.1-py3-none-any.whl size=6019 sha256=7dddfcd51e311a0d8f10aff6024b51da77367de1b768d532d887afe41cff30d1
  Stored in directory: c:\users\twill\appdata\local\pip\cache\wheels\ec\6b\fb\b06950330f9f4ca3d79b732e3316a2a2fef0bfbcf145f32efe
Successfully built zapier-demo
Installing collected packages: selenium, zapier-demo
  Attempting uninstall: zapier-demo
    Found existing installation: zapier-demo 1.0.1
    Not uninstalling zapier-demo at c:\users\twill\pycharmprojects\zapierautomationdemo, outside environment C:\Users\twill\PycharmProjects\zapierAutomationDemo\.tox\py38
    Can't uninstall 'zapier-demo'. No files were found to uninstall.
Successfully installed selenium-3.141.0 zapier-demo-1.0.1
