action: py27, msg: installpkg
cwd: C:\Users\twill\PycharmProjects\zapierAutomationDemo
cmd: 'C:\Users\twill\PycharmProjects\zapierAutomationDemo\.tox\py27\Scripts\python.EXE' -m pip install --exists-action w '.tox\.tmp\package\1\zapier-demo-1.0.1.zip'
DEPRECATION: Python 2.7 reached the end of its life on January 1st, 2020. Please upgrade your Python as Python 2.7 is no longer maintained. A future version of pip will drop support for Python 2.7. More details about Python 2 support in pip, can be found at https://pip.pypa.io/en/latest/development/release-process/#python-2-support
Processing c:\users\twill\pycharmprojects\zapierautomationdemo\.tox\.tmp\package\1\zapier-demo-1.0.1.zip
Collecting selenium
  Using cached selenium-3.141.0-py2.py3-none-any.whl (904 kB)
Requirement already satisfied: pytest in c:\users\twill\pycharmprojects\zapierautomationdemo\.tox\py27\lib\site-packages (from zapier-demo==1.0.1) (4.6.9)
Requirement already satisfied: webdriver_manager in c:\users\twill\pycharmprojects\zapierautomationdemo\.tox\py27\lib\site-packages (from zapier-demo==1.0.1) (2.3.0)
Requirement already satisfied: urllib3 in c:\users\twill\pycharmprojects\zapierautomationdemo\.tox\py27\lib\site-packages (from selenium->zapier-demo==1.0.1) (1.25.8)
Requirement already satisfied: colorama; sys_platform == "win32" and python_version != "3.4" in c:\users\twill\pycharmprojects\zapierautomationdemo\.tox\py27\lib\site-packages (from pytest->zapier-demo==1.0.1) (0.4.3)
Requirement already satisfied: packaging in c:\users\twill\pycharmprojects\zapierautomationdemo\.tox\py27\lib\site-packages (from pytest->zapier-demo==1.0.1) (20.1)
Requirement already satisfied: pluggy<1.0,>=0.12 in c:\users\twill\pycharmprojects\zapierautomationdemo\.tox\py27\lib\site-packages (from pytest->zapier-demo==1.0.1) (0.13.1)
Requirement already satisfied: pathlib2>=2.2.0; python_version < "3.6" in c:\users\twill\pycharmprojects\zapierautomationdemo\.tox\py27\lib\site-packages (from pytest->zapier-demo==1.0.1) (2.3.5)
Requirement already satisfied: more-itertools<6.0.0,>=4.0.0; python_version <= "2.7" in c:\users\twill\pycharmprojects\zapierautomationdemo\.tox\py27\lib\site-packages (from pytest->zapier-demo==1.0.1) (5.0.0)
Requirement already satisfied: importlib-metadata>=0.12; python_version < "3.8" in c:\users\twill\pycharmprojects\zapierautomationdemo\.tox\py27\lib\site-packages (from pytest->zapier-demo==1.0.1) (1.5.0)
Requirement already satisfied: atomicwrites>=1.0 in c:\users\twill\pycharmprojects\zapierautomationdemo\.tox\py27\lib\site-packages (from pytest->zapier-demo==1.0.1) (1.3.0)
Requirement already satisfied: py>=1.5.0 in c:\users\twill\pycharmprojects\zapierautomationdemo\.tox\py27\lib\site-packages (from pytest->zapier-demo==1.0.1) (1.8.1)
Requirement already satisfied: wcwidth in c:\users\twill\pycharmprojects\zapierautomationdemo\.tox\py27\lib\site-packages (from pytest->zapier-demo==1.0.1) (0.1.8)
Requirement already satisfied: attrs>=17.4.0 in c:\users\twill\pycharmprojects\zapierautomationdemo\.tox\py27\lib\site-packages (from pytest->zapier-demo==1.0.1) (19.3.0)
Requirement already satisfied: six>=1.10.0 in c:\users\twill\pycharmprojects\zapierautomationdemo\.tox\py27\lib\site-packages (from pytest->zapier-demo==1.0.1) (1.14.0)
Requirement already satisfied: funcsigs>=1.0; python_version < "3.0" in c:\users\twill\pycharmprojects\zapierautomationdemo\.tox\py27\lib\site-packages (from pytest->zapier-demo==1.0.1) (1.0.2)
Requirement already satisfied: crayons in c:\users\twill\pycharmprojects\zapierautomationdemo\.tox\py27\lib\site-packages (from webdriver_manager->zapier-demo==1.0.1) (0.3.0)
Requirement already satisfied: requests in c:\users\twill\pycharmprojects\zapierautomationdemo\.tox\py27\lib\site-packages (from webdriver_manager->zapier-demo==1.0.1) (2.23.0)
Requirement already satisfied: configparser in c:\users\twill\pycharmprojects\zapierautomationdemo\.tox\py27\lib\site-packages (from webdriver_manager->zapier-demo==1.0.1) (4.0.2)
Requirement already satisfied: pyparsing>=2.0.2 in c:\users\twill\pycharmprojects\zapierautomationdemo\.tox\py27\lib\site-packages (from packaging->pytest->zapier-demo==1.0.1) (2.4.6)
Requirement already satisfied: scandir; python_version < "3.5" in c:\users\twill\pycharmprojects\zapierautomationdemo\.tox\py27\lib\site-packages (from pathlib2>=2.2.0; python_version < "3.6"->pytest->zapier-demo==1.0.1) (1.10.0)
Requirement already satisfied: zipp>=0.5 in c:\users\twill\pycharmprojects\zapierautomationdemo\.tox\py27\lib\site-packages (from importlib-metadata>=0.12; python_version < "3.8"->pytest->zapier-demo==1.0.1) (1.2.0)
Requirement already satisfied: contextlib2; python_version < "3" in c:\users\twill\pycharmprojects\zapierautomationdemo\.tox\py27\lib\site-packages (from importlib-metadata>=0.12; python_version < "3.8"->pytest->zapier-demo==1.0.1) (0.6.0.post1)
Requirement already satisfied: certifi>=2017.4.17 in c:\users\twill\pycharmprojects\zapierautomationdemo\.tox\py27\lib\site-packages (from requests->webdriver_manager->zapier-demo==1.0.1) (2019.11.28)
Requirement already satisfied: chardet<4,>=3.0.2 in c:\users\twill\pycharmprojects\zapierautomationdemo\.tox\py27\lib\site-packages (from requests->webdriver_manager->zapier-demo==1.0.1) (3.0.4)
Requirement already satisfied: idna<3,>=2.5 in c:\users\twill\pycharmprojects\zapierautomationdemo\.tox\py27\lib\site-packages (from requests->webdriver_manager->zapier-demo==1.0.1) (2.9)
Building wheels for collected packages: zapier-demo
  Building wheel for zapier-demo (setup.py): started
  Building wheel for zapier-demo (setup.py): finished with status 'done'
  Created wheel for zapier-demo: filename=zapier_demo-1.0.1-py2-none-any.whl size=2012 sha256=7e87dc12fcde5675d1b200e014a2e64438fffb752bf03347d584b09657b6a3bd
  Stored in directory: c:\users\twill\appdata\local\pip\cache\wheels\a6\3a\bf\0386d0303fe881872270369ae2404ee8e8b9272ae62652f392
Successfully built zapier-demo
Installing collected packages: selenium, zapier-demo
  Attempting uninstall: zapier-demo
    Found existing installation: zapier-demo 1.0.1
    Not uninstalling zapier-demo at c:\users\twill\pycharmprojects\zapierautomationdemo, outside environment C:\Users\twill\PycharmProjects\zapierAutomationDemo\.tox\py27
    Can't uninstall 'zapier-demo'. No files were found to uninstall.
Successfully installed selenium-3.141.0 zapier-demo-1.0.1
