action: py27, msg: envreport
cwd: C:\Users\twill\PycharmProjects\zapierAutomationDemo
cmd: 'C:\Users\twill\PycharmProjects\zapierAutomationDemo\.tox\py27\Scripts\python.EXE' -m pip freeze
DEPRECATION: Python 2.7 reached the end of its life on January 1st, 2020. Please upgrade your Python as Python 2.7 is no longer maintained. A future version of pip will drop support for Python 2.7. More details about Python 2 support in pip, can be found at https://pip.pypa.io/en/latest/development/release-process/#python-2-support
atomicwrites==1.3.0
attrs==19.3.0
certifi==2019.11.28
chardet==3.0.4
colorama==0.4.3
configparser==4.0.2
contextlib2==0.6.0.post1
crayons==0.3.0
funcsigs==1.0.2
idna==2.9
importlib-metadata==1.5.0
more-itertools==5.0.0
packaging==20.1
pathlib2==2.3.5
pluggy==0.13.1
py==1.8.1
pyparsing==2.4.6
pytest==4.6.9
requests==2.23.0
scandir==1.10.0
selenium==3.141.0
six==1.14.0
urllib3==1.25.8
wcwidth==0.1.8
webdriver-manager==2.3.0
zapier-demo==1.0.1
zipp==1.2.0
