action: py27, msg: getenv
cwd: C:\Users\twill\PycharmProjects\zapierAutomationDemo
cmd: 'C:\Users\twill\PycharmProjects\zapierAutomationDemo\.tox\py27\Scripts\python.EXE' -m pip install pytest webdriver_manager
DEPRECATION: Python 2.7 reached the end of its life on January 1st, 2020. Please upgrade your Python as Python 2.7 is no longer maintained. A future version of pip will drop support for Python 2.7. More details about Python 2 support in pip, can be found at https://pip.pypa.io/en/latest/development/release-process/#python-2-support
Collecting pytest
  Downloading pytest-4.6.9-py2.py3-none-any.whl (231 kB)
Collecting webdriver_manager
  Using cached webdriver_manager-2.3.0-py2.py3-none-any.whl (10 kB)
Collecting colorama; sys_platform == "win32" and python_version != "3.4"
  Using cached colorama-0.4.3-py2.py3-none-any.whl (15 kB)
Collecting packaging
  Using cached packaging-20.1-py2.py3-none-any.whl (36 kB)
Collecting pluggy<1.0,>=0.12
  Using cached pluggy-0.13.1-py2.py3-none-any.whl (18 kB)
Collecting pathlib2>=2.2.0; python_version < "3.6"
  Downloading pathlib2-2.3.5-py2.py3-none-any.whl (18 kB)
Collecting more-itertools<6.0.0,>=4.0.0; python_version <= "2.7"
  Downloading more_itertools-5.0.0-py2-none-any.whl (52 kB)
Collecting importlib-metadata>=0.12; python_version < "3.8"
  Using cached importlib_metadata-1.5.0-py2.py3-none-any.whl (30 kB)
Collecting atomicwrites>=1.0
  Using cached atomicwrites-1.3.0-py2.py3-none-any.whl (5.9 kB)
Collecting py>=1.5.0
  Using cached py-1.8.1-py2.py3-none-any.whl (83 kB)
Collecting wcwidth
  Using cached wcwidth-0.1.8-py2.py3-none-any.whl (17 kB)
Collecting attrs>=17.4.0
  Using cached attrs-19.3.0-py2.py3-none-any.whl (39 kB)
Collecting six>=1.10.0
  Using cached six-1.14.0-py2.py3-none-any.whl (10 kB)
Collecting funcsigs>=1.0; python_version < "3.0"
  Downloading funcsigs-1.0.2-py2.py3-none-any.whl (17 kB)
Collecting crayons
  Using cached crayons-0.3.0-py2.py3-none-any.whl (4.6 kB)
Collecting requests
  Using cached requests-2.23.0-py2.py3-none-any.whl (58 kB)
Collecting configparser
  Using cached configparser-4.0.2-py2.py3-none-any.whl (22 kB)
Collecting pyparsing>=2.0.2
  Using cached pyparsing-2.4.6-py2.py3-none-any.whl (67 kB)
Collecting scandir; python_version < "3.5"
  Downloading scandir-1.10.0-cp27-cp27m-win_amd64.whl (20 kB)
Collecting zipp>=0.5
  Downloading zipp-1.2.0-py2.py3-none-any.whl (4.8 kB)
Collecting contextlib2; python_version < "3"
  Downloading contextlib2-0.6.0.post1-py2.py3-none-any.whl (9.8 kB)
Collecting certifi>=2017.4.17
  Using cached certifi-2019.11.28-py2.py3-none-any.whl (156 kB)
Collecting chardet<4,>=3.0.2
  Using cached chardet-3.0.4-py2.py3-none-any.whl (133 kB)
Collecting idna<3,>=2.5
  Using cached idna-2.9-py2.py3-none-any.whl (58 kB)
Collecting urllib3!=1.25.0,!=1.25.1,<1.26,>=1.21.1
  Using cached urllib3-1.25.8-py2.py3-none-any.whl (125 kB)
ERROR: zapier-demo 1.0.1 requires selenium, which is not installed.
Installing collected packages: colorama, six, pyparsing, packaging, scandir, pathlib2, contextlib2, zipp, configparser, importlib-metadata, pluggy, more-itertools, atomicwrites, py, wcwidth, attrs, funcsigs, pytest, crayons, certifi, chardet, idna, urllib3, requests, webdriver-manager
Successfully installed atomicwrites-1.3.0 attrs-19.3.0 certifi-2019.11.28 chardet-3.0.4 colorama-0.4.3 configparser-4.0.2 contextlib2-0.6.0.post1 crayons-0.3.0 funcsigs-1.0.2 idna-2.9 importlib-metadata-1.5.0 more-itertools-5.0.0 packaging-20.1 pathlib2-2.3.5 pluggy-0.13.1 py-1.8.1 pyparsing-2.4.6 pytest-4.6.9 requests-2.23.0 scandir-1.10.0 six-1.14.0 urllib3-1.25.8 wcwidth-0.1.8 webdriver-manager-2.3.0 zipp-1.2.0
