action: py36, msg: envreport
cwd: C:\Users\twill\PycharmProjects\zapierAutomationDemo
cmd: 'C:\Users\twill\PycharmProjects\zapierAutomationDemo\.tox\py36\Scripts\python.EXE' -m pip freeze
atomicwrites==1.3.0
attrs==19.3.0
certifi==2019.11.28
chardet==3.0.4
colorama==0.4.3
configparser==4.0.2
crayons==0.3.0
idna==2.9
importlib-metadata==1.5.0
more-itertools==8.2.0
packaging==20.1
pluggy==0.13.1
py==1.8.1
pyparsing==2.4.6
pytest==5.3.5
requests==2.23.0
selenium==3.141.0
six==1.14.0
urllib3==1.25.8
wcwidth==0.1.8
webdriver-manager==2.3.0
zapier-demo==1.0.1
zipp==3.0.0
